Locust.Heatmap -> http://localhost:5000
Locust.WorldSim -> http://localhost:5100
Locust.SensorSimulator001 -> http://localhost:5200
Querying regional heatmap at 128x128 around the WorldSim box...
23:50:44 frame    1 -> media/heatmap-live.png
23:50:45 frame    2 -> media/heatmap-live.png
23:50:46 frame    3 -> media/heatmap-live.png
23:50:47 frame    4 -> media/heatmap-live.png
23:50:48 frame    5 -> media/heatmap-live.png
23:50:49 frame    6 -> media/heatmap-live.png
23:50:50 frame    7 -> media/heatmap-live.png
23:50:51 frame    8 -> media/heatmap-live.png
23:50:53 frame    9 -> media/heatmap-live.png
23:50:54 frame   10 -> media/heatmap-live.png
23:50:55 frame   11 -> media/heatmap-live.png
23:50:56 frame   12 -> media/heatmap-live.png
23:50:57 frame   13 -> media/heatmap-live.png
23:50:58 frame   14 -> media/heatmap-live.png
23:50:59 frame   15 -> media/heatmap-live.png
23:51:00 frame   16 -> media/heatmap-live.png
23:51:01 frame   17 -> media/heatmap-live.png
23:51:02 frame   18 -> media/heatmap-live.png
23:51:03 frame   19 -> media/heatmap-live.png
23:51:04 frame   20 -> media/heatmap-live.png
23:51:05 frame   21 -> media/heatmap-live.png
23:51:06 frame   22 -> media/heatmap-live.png
23:51:07 frame   23 -> media/heatmap-live.png
23:51:08 frame   24 -> media/heatmap-live.png
23:51:10 frame   25 -> media/heatmap-live.png
23:51:11 frame   26 -> media/heatmap-live.png
23:51:12 frame   27 -> media/heatmap-live.png
23:51:13 frame   28 -> media/heatmap-live.png
23:51:14 frame   29 -> media/heatmap-live.png
23:51:15 frame   30 -> media/heatmap-live.png
23:51:16 frame   31 -> media/heatmap-live.png
23:51:17 frame   32 -> media/heatmap-live.png
23:51:18 frame   33 -> media/heatmap-live.png
23:51:19 frame   34 -> media/heatmap-live.png
23:51:20 frame   35 -> media/heatmap-live.png
23:51:21 frame   36 -> media/heatmap-live.png
23:51:22 frame   37 -> media/heatmap-live.png
23:51:23 frame   38 -> media/heatmap-live.png
23:51:24 frame   39 -> media/heatmap-live.png
23:51:26 frame   40 -> media/heatmap-live.png
23:51:27 frame   41 -> media/heatmap-live.png
23:51:28 frame   42 -> media/heatmap-live.png
23:51:29 frame   43 -> media/heatmap-live.png
23:51:30 frame   44 -> media/heatmap-live.png
23:51:31 frame   45 -> media/heatmap-live.png
23:51:32 frame   46 -> media/heatmap-live.png
23:51:33 frame   47 -> media/heatmap-live.png
23:51:34 frame   48 -> media/heatmap-live.png
23:51:35 frame   49 -> media/heatmap-live.png
23:51:36 frame   50 -> media/heatmap-live.png
23:51:37 frame   51 -> media/heatmap-live.png
23:51:38 frame   52 -> media/heatmap-live.png
23:51:39 frame   53 -> media/heatmap-live.png
23:51:40 frame   54 -> media/heatmap-live.png
23:51:41 frame   55 -> media/heatmap-live.png
23:51:43 frame   56 -> media/heatmap-live.png
23:51:44 frame   57 -> media/heatmap-live.png
23:51:45 frame   58 -> media/heatmap-live.png
23:51:46 frame   59 -> media/heatmap-live.png
23:51:47 frame   60 -> media/heatmap-live.png
23:51:48 frame   61 -> media/heatmap-live.png
23:51:49 frame   62 -> media/heatmap-live.png
23:51:50 frame   63 -> media/heatmap-live.png
23:51:51 frame   64 -> media/heatmap-live.png
23:51:52 frame   65 -> media/heatmap-live.png
23:51:53 frame   66 -> media/heatmap-live.png
23:51:54 frame   67 -> media/heatmap-live.png
23:51:55 frame   68 -> media/heatmap-live.png
23:51:56 frame   69 -> media/heatmap-live.png
23:51:57 frame   70 -> media/heatmap-live.png
23:51:58 frame   71 -> media/heatmap-live.png
23:52:00 frame   72 -> media/heatmap-live.png
23:52:01 frame   73 -> media/heatmap-live.png
23:52:02 frame   74 -> media/heatmap-live.png
23:52:03 frame   75 -> media/heatmap-live.png
23:52:04 frame   76 -> media/heatmap-live.png
23:52:05 frame   77 -> media/heatmap-live.png
23:52:06 frame   78 -> media/heatmap-live.png
23:52:07 frame   79 -> media/heatmap-live.png
23:52:08 frame   80 -> media/heatmap-live.png
23:52:09 frame   81 -> media/heatmap-live.png
23:52:10 frame   82 -> media/heatmap-live.png
23:52:11 frame   83 -> media/heatmap-live.png
23:52:12 frame   84 -> media/heatmap-live.png
23:52:13 frame   85 -> media/heatmap-live.png
23:52:14 frame   86 -> media/heatmap-live.png
23:52:15 frame   87 -> media/heatmap-live.png
23:52:16 frame   88 -> media/heatmap-live.png
23:52:18 frame   89 -> media/heatmap-live.png
23:52:19 frame   90 -> media/heatmap-live.png
23:52:20 frame   91 -> media/heatmap-live.png
23:52:21 frame   92 -> media/heatmap-live.png
23:52:22 frame   93 -> media/heatmap-live.png
23:52:23 frame   94 -> media/heatmap-live.png
23:52:24 frame   95 -> media/heatmap-live.png
23:52:25 frame   96 -> media/heatmap-live.png
23:52:26 frame   97 -> media/heatmap-live.png
23:52:27 frame   98 -> media/heatmap-live.png
23:52:28 frame   99 -> media/heatmap-live.png
23:52:29 frame  100 -> media/heatmap-live.png
23:52:30 frame  101 -> media/heatmap-live.png
23:52:31 frame  102 -> media/heatmap-live.png
23:52:32 frame  103 -> media/heatmap-live.png
23:52:34 frame  104 -> media/heatmap-live.png
23:52:35 frame  105 -> media/heatmap-live.png
23:52:36 frame  106 -> media/heatmap-live.png
23:52:37 frame  107 -> media/heatmap-live.png
23:52:38 frame  108 -> media/heatmap-live.png
23:52:39 frame  109 -> media/heatmap-live.png
23:52:40 frame  110 -> media/heatmap-live.png
23:52:41 frame  111 -> media/heatmap-live.png
23:52:42 frame  112 -> media/heatmap-live.png
23:52:43 frame  113 -> media/heatmap-live.png
23:52:44 frame  114 -> media/heatmap-live.png
23:52:45 frame  115 -> media/heatmap-live.png
23:52:46 frame  116 -> media/heatmap-live.png
23:52:47 frame  117 -> media/heatmap-live.png
23:52:48 frame  118 -> media/heatmap-live.png
23:52:49 frame  119 -> media/heatmap-live.png
23:52:51 frame  120 -> media/heatmap-live.png
23:52:52 frame  121 -> media/heatmap-live.png
23:52:53 frame  122 -> media/heatmap-live.png
23:52:54 frame  123 -> media/heatmap-live.png
23:52:55 frame  124 -> media/heatmap-live.png
23:52:56 frame  125 -> media/heatmap-live.png
23:52:57 frame  126 -> media/heatmap-live.png
23:52:58 frame  127 -> media/heatmap-live.png
23:52:59 frame  128 -> media/heatmap-live.png
23:53:00 frame  129 -> media/heatmap-live.png
23:53:01 frame  130 -> media/heatmap-live.png
23:53:02 frame  131 -> media/heatmap-live.png
23:53:03 frame  132 -> media/heatmap-live.png
23:53:04 frame  133 -> media/heatmap-live.png
23:53:05 frame  134 -> media/heatmap-live.png
23:53:07 frame  135 -> media/heatmap-live.png
23:53:08 frame  136 -> media/heatmap-live.png
23:53:09 frame  137 -> media/heatmap-live.png
23:53:10 frame  138 -> media/heatmap-live.png
23:53:11 frame  139 -> media/heatmap-live.png
23:53:12 frame  140 -> media/heatmap-live.png
23:53:13 frame  141 -> media/heatmap-live.png
23:53:14 frame  142 -> media/heatmap-live.png
23:53:15 frame  143 -> media/heatmap-live.png
23:53:16 frame  144 -> media/heatmap-live.png
23:53:17 frame  145 -> media/heatmap-live.png
23:53:18 frame  146 -> media/heatmap-live.png
23:53:19 frame  147 -> media/heatmap-live.png
23:53:20 frame  148 -> media/heatmap-live.png
23:53:21 frame  149 -> media/heatmap-live.png
23:53:22 frame  150 -> media/heatmap-live.png
23:53:24 frame  151 -> media/heatmap-live.png
